Newsgroups: perl.modules
Path: nntp.perl.org
Xref: nntp.perl.org perl.modules:12972
Return-Path: <Jost.Krieger+smokeback@ruhr-uni-bochum.de>
Mailing-List: contact modules-help@perl.org; run by ezmlm
Delivered-To: mailing list modules@perl.org
Received: (qmail 2721 invoked by uid 1008); 31 Jul 2002 10:47:38 -0000
Delivered-To: cpanmail-modules@cpan.org
Received: (qmail 2712 invoked by uid 76); 31 Jul 2002 10:47:38 -0000
Received: from sunu422.rz.ruhr-uni-bochum.de (HELO sunu422.rz.ruhr-uni-bochum.de) (134.147.64.14)
  by onion.perl.org (qpsmtpd/0.07b) with SMTP; Wed Jul 31 10:47:38 2002 -0000
Received: (qmail 18683 invoked by uid 82); 31 Jul 2002 10:47:09 -0000
Received: from Jost.Krieger+smokeback@ruhr-uni-bochum.de by mailhost with qmail-scanner-1.00 (uvscan: v4.1.40/v4214. . Clean. Processed in 0.586091 secs); 31 Jul 2002 10:47:09 -0000
Received: (qmail 18620 invoked from network); 31 Jul 2002 10:47:08 -0000
Received: from sunu991.rz.ruhr-uni-bochum.de (134.147.128.177)
  by mailhost.rz.ruhr-uni-bochum.de with SMTP; 31 Jul 2002 10:47:08 -0000
Received: (qmail 9953 invoked by uid 10167); 31 Jul 2002 10:47:07 -0000
Date: 31 Jul 2002 10:47:07 -0000
Message-ID: <20020731104707.9952.qmail@sunu991.rz.ruhr-uni-bochum.de>
To: cpan-testers@perl.org
Cc: modules@cpan.org
Subject: FAIL File-Flock-101.060501 sun4-solaris 2.8
Approved: news@nntp.perl.org
From: Jost.Krieger+smokeback@ruhr-uni-bochum.de ("Josts Smokehouse")

This distribution has been tested as part of the cpan-testers
effort to test as many new uploads to CPAN as possible.  See
http://testers.cpan.org/

Please cc any replies to cpan-testers@perl.org to keep other
test volunteers informed and to prevent any duplicate effort.

-- 
This is an error report generated automatically by CPANPLUS.
Below is the error stack during 'make test':

PERL_DL_NONLAZY=1 /usr/local/bin/perl "-MExtUtils::Command::MM" "-e" "test_harness(0, 'blib/lib', 'blib/arch')" t/*.t
t/flock....Confused test output: test 127 answered after test 129
Confused test output: test 128 answered after test 130
Confused test output: test 129 answered after test 131
Confused test output: test 130 answered after test 132
Confused test output: test 131 answered after test 133
Confused test output: test 132 answered after test 134
Confused test output: test 133 answered after test 135
Confused test output: test 134 answered after test 136
Confused test output: test 135 answered after test 137
Confused test output: test 136 answered after test 138
Confused test output: test 137 answered after test 139
Confused test output: test 138 answered after test 140
Confused test output: test 139 answered after test 141
Confused test output: test 140 answered after test 142
Confused test output: test 141 answered after test 143
Confused test output: test 142 answered after test 144
Confused test output: test 143 answered after test 145
Confused test output: test 144 answered after test 146
Confused test output: test 145 answered after test 147
Confused test output: test 146 answered after test 148
Confused test output: test 147 answered after test 149
Confused test output: test 148 answered after test 150
Confused test output: test 149 answered after test 151
Confused test output: test 150 answered after test 152
Confused test output: test 151 answered after test 153
Confused test output: test 152 answered after test 154
Confused test output: test 153 answered after test 155
Confused test output: test 154 answered after test 156
Confused test output: test 155 answered after test 157
Confused test output: test 156 answered after test 158
Confused test output: test 157 answered after test 159
Confused test output: test 158 answered after test 160
Confused test output: test 159 answered after test 161
Confused test output: test 160 answered after test 162
Confused test output: test 161 answered after test 163
Confused test output: test 162 answered after test 164
Confused test output: test 163 answered after test 165
Confused test output: test 164 answered after test 166
Confused test output: test 165 answered after test 167
Confused test output: test 166 answered after test 168
Confused test output: test 167 answered after test 169
Confused test output: test 168 answered after test 170
Confused test output: test 169 answered after test 171
Confused test output: test 170 answered after test 172
Confused test output: test 171 answered after test 173
Confused test output: test 172 answered after test 174
Confused test output: test 173 answered after test 175
Confused test output: test 174 answered after test 176
Confused test output: test 175 answered after test 177
Confused test output: test 176 answered after test 178
Confused test output: test 177 answered after test 179
Confused test output: test 178 answered after test 180
Confused test output: test 179 answered after test 181
Confused test output: test 180 answered after test 182
Confused test output: test 181 answered after test 183
Confused test output: test 182 answered after test 184
Confused test output: test 183 answered after test 185
Confused test output: test 184 answered after test 186
Confused test output: test 185 answered after test 187
Confused test output: test 186 answered after test 188
Confused test output: test 187 answered after test 189
Confused test output: test 188 answered after test 190
Confused test output: test 189 answered after test 191
Confused test output: test 190 answered after test 192
Confused test output: test 191 answered after test 193
Confused test output: test 192 answered after test 194
Confused test output: test 193 answered after test 195
Confused test output: test 194 answered after test 196
Confused test output: test 195 answered after test 197
Confused test output: test 196 answered after test 198
FAILED tests 126-128
	Failed 3/199 tests, 98.49% okay
Failed Test Stat Wstat Total Fail  Failed  List of Failed
-------------------------------------------------------------------------------
t/flock.t                199    3   1.51%  126-128
Failed 1/1 test scripts, 0.00% okay. 3/199 subtests failed, 98.49% okay.
make: *** [test_dynamic] Error 29


Additional comments:



--

Summary of my perl5 (revision 5.0 version 8 subversion 0) configuration:
  Platform:
    osname=solaris, osvers=2.8, archname=sun4-solaris
    uname='sunos sunu991 5.8 generic_108528-14 sun4u sparc '
    config_args='-de'
    hint=recommended, useposix=true, d_sigaction=define
    usethreads=undef use5005threads=undef useithreads=undef usemultiplicity=undef
    useperlio=define d_sfio=undef uselargefiles=define usesocks=undef
    use64bitint=undef use64bitall=undef uselongdouble=undef
    usemymalloc=n, bincompat5005=undef
  Compiler:
    cc='gcc', ccflags ='-fno-strict-aliasing -I/usr/local/include -D_LARGEFILE_SOURCE -D_FILE_OFFSET_BITS=64',
    optimize='-O',
    cppflags='-fno-strict-aliasing -I/usr/local/include'
    ccversion='', gccversion='3.0', gccosandvers='solaris2.8'
    intsize=4, longsize=4, ptrsize=4, doublesize=8, byteorder=4321
    d_longlong=define, longlongsize=8, d_longdbl=define, longdblsize=16
    ivtype='long', ivsize=4, nvtype='double', nvsize=8, Off_t='off_t', lseeksize=8
    alignbytes=8, prototype=define
  Linker and Libraries:
    ld='gcc', ldflags =' -L/usr/local/lib '
    libpth=/usr/local/lib /usr/lib /usr/ccs/lib
    libs=-lsocket -lnsl -lgdbm -ldb -ldl -lm -lc
    perllibs=-lsocket -lnsl -ldl -lm -lc
    libc=/lib/libc.so, so=so, useshrplib=false, libperl=libperl.a
    gnulibc_version=''
  Dynamic Linking:
    dlsrc=dl_dlopen.xs, dlext=so, d_dlsymun=undef, ccdlflags=' '
    cccdlflags='-fPIC', lddlflags='-G -L/usr/local/lib'

