Newsgroups: perl.modules
Path: nntp.perl.org
Xref: nntp.perl.org perl.modules:33904
Return-Path: <javed@moisp.gov.sa>
Mailing-List: contact modules-help@perl.org; run by ezmlm
Delivered-To: mailing list modules@perl.org
Received: (qmail 57196 invoked from network); 2 Aug 2004 05:35:14 -0000
Received: from x1.develooper.com (63.251.223.170)
  by onion.develooper.com with SMTP; 2 Aug 2004 05:35:14 -0000
Received: (qmail 32457 invoked by uid 225); 2 Aug 2004 05:35:13 -0000
Delivered-To: modules@perl.org
Received: (qmail 32453 invoked by alias); 2 Aug 2004 05:35:13 -0000
X-Spam-Status: No, hits=-2.6 required=8.0
	tests=BAYES_00,DEAR_SOMETHING
X-Spam-Check-By: la.mx.develooper.com
Received: from Unknown (HELO mailgw.moisp.gov.sa) (212.26.46.10)
  by la.mx.develooper.com (qpsmtpd/0.27.1) with ESMTP; Sun, 01 Aug 2004 22:35:12 -0700
Received: from mail.moisp.gov.sa ([192.168.1.10]) by
          mailgw.moisp.gov.sa (Netscape Messaging Server 4.15) with ESMTP
          id I204EE00.40B for <modules@perl.org>; Mon, 2 Aug 2004 08:35:02 -1700 
Received: from radserv ([192.168.1.222]) by mail.moisp.gov.sa
          (Netscape Messaging Server 4.15) with ESMTP id I204HK00.P0A;
          Mon, 2 Aug 2004 08:36:56 -1700 
Reply-To: javed@moisp.gov.sa
Organization: GDTA - ISP
To: modules@perl.org, Tim.Bunce@pobox.com, andreas.koenig@anima.de
Subject: Fwd: DBD::Oracle - 1.15 , installation error.
Date: Mon, 2 Aug 2004 08:33:45 +0300
User-Agent: KMail/1.5.4
MIME-Version: 1.0
Content-Type: Multipart/Mixed;
  boundary="Boundary-00=_5IdDBNIoYuf7AOL"
Message-ID: <200408020833.45634.javed@moisp.gov.sa>
X-Spam-Rating: onion.develooper.com 1.6.2 0/1000/N
Approved: news@nntp.perl.org
From: javed@moisp.gov.sa ("Ifthekhar Javed")

--Boundary-00=_5IdDBNIoYuf7AOL
Content-Type: text/plain;
  charset="us-ascii"
Content-Transfer-Encoding: 7bit
Content-Disposition: inline



--Boundary-00=_5IdDBNIoYuf7AOL
Content-Type: message/rfc822;
  name="forwarded message"
Content-Transfer-Encoding: 7bit
Content-Description: Ifthekhar Javed <javed@moisp.gov.sa>: DBD::Oracle - 1.15 , installation error.

From: Ifthekhar Javed <javed@moisp.gov.sa>
Reply-To: javed@moisp.gov.sa
Organization: GDTA - ISP
To: webmaster@search.cpan.org
Subject: DBD::Oracle - 1.15 , installation error.
Date: Mon, 2 Aug 2004 08:21:01 +0300
User-Agent: KMail/1.5.4
MIME-Version: 1.0
Content-Type: text/plain;
  charset="us-ascii"
Content-Transfer-Encoding: 7bit
Content-Disposition: inline
Message-Id: <200408020821.01514.javed@moisp.gov.sa>
Status: RO
X-Status: S
X-KMail-EncryptionState:  
X-KMail-SignatureState:  

Dear sir,

Hello...

I try to install the above module ,when i test module it gives me errors which 
is i sending to you

the Perl Version As follows;
# perl -v
This is perl, v5.8.4 built for i686-linux
 
Copyright 1987-2004, Larry Wall
 
Perl may be copied only under the terms of either the Artistic License or the
GNU General Public License, which may be found in the Perl 5 source kit.
 
Complete documentation for Perl, including FAQ lists, should be found on
this system using `man perl' or `perldoc perl'.  If you have access to the
Internet, point your browser at http://www.perl.com/, the Perl Home Page.

----------------------------------- The Errors -------------------------------

radserv:/home/oracle/DBD-Oracle-1.15 # make test
PERL_DL_NONLAZY=1 /usr/local/bin/perl "-MExtUtils::Command::MM" "-e" 
"test_harness(0, 'blib/lib', 'blib/arch')" t/*.t
t/base.......ok
t/cursor.....ok
t/general....ok 4/24Can't get DBI::st=HASH(0x8807f00)->{NUM_OFFIELDS_typo}: 
unrecognised attribute at t/general.t line 41.
t/general....FAILED test 5
        Failed 1/24 tests, 95.83% okay
t/long.......ok
t/meta.......ok
t/ph_type....ok 11/19 Placeholder behaviour for ora_type=1 (the default) 
varies with Oracle version.
 Oracle 7 didn't strip trailing spaces, Oracle 8 did, until 9.2.x
 Your system doesn't. If that seems odd, let us know.
t/ph_type....ok
t/plsql......ok
t/reauth.....skipped
        all skipped: no reason given
t/select.....ok
Failed Test Stat Wstat Total Fail  Failed  List of Failed
-------------------------------------------------------------------------------
t/general.t               24    1   4.17%  5
1 test skipped.
Failed 1/9 test scripts, 88.89% okay. 1/545 subtests failed, 99.82% okay.
make: *** [test_dynamic] Error 255


I will be thankfull to you if you can help on this matter.

Thanks & best regards.

Ifthekhar Javed

--Boundary-00=_5IdDBNIoYuf7AOL--

