Newsgroups: perl.modules
Path: nntp.perl.org
Xref: nntp.perl.org perl.modules:35772
Return-Path: <Jonathan_Kim@toyota.com>
Mailing-List: contact modules-help@perl.org; run by ezmlm
Delivered-To: mailing list modules@perl.org
Received: (qmail 13986 invoked from network); 19 Oct 2004 07:39:51 -0000
Received: from x1.develooper.com (63.251.223.170)
  by lists.develooper.com with SMTP; 19 Oct 2004 07:39:51 -0000
Received: (qmail 7677 invoked by uid 225); 19 Oct 2004 07:39:50 -0000
Delivered-To: modules@perl.org
Received: (qmail 7673 invoked by alias); 19 Oct 2004 07:39:50 -0000
X-Spam-Status: No, hits=-4.6 required=8.0
	tests=BAYES_00,HTML_MESSAGE,NO_REAL_NAME
X-Spam-Check-By: la.mx.develooper.com
Received: from raven.toyota.com (HELO turing.toyota.com) (63.87.74.200)
  by la.mx.develooper.com (qpsmtpd/0.27.1) with ESMTP; Tue, 19 Oct 2004 00:39:49 -0700
Received: from external03.toyota.com (external03.toyota.com [10.63.12.106])
	by turing.toyota.com (8.11.6/8.11.6) with ESMTP id i9J7cWl27944
	for <modules@perl.org>; Tue, 19 Oct 2004 00:39:17 -0700
Received: from tgna.tms.toyota.com ([10.48.8.95])
          by external03.toyota.com (Lotus Domino Release 5.0.13a)
          with ESMTP id 2004101900392985:107088 ;
          Tue, 19 Oct 2004 00:39:29 -0700 
To: modules@perl.org
Subject: Help for GD.pm compile
MIME-Version: 1.0
X-Mailer: Lotus Notes Release 6.5 September 26, 2003
Message-ID: <OFCC4B5988.82C42652-ON88256F32.0029E3C2-88256F32.0029F965@notes.toyota.com>
Date: Tue, 19 Oct 2004 00:38:28 -0700
X-MIMETrack: Serialize by Router on TGNA/HubServers/Toyota(Release 6.5.2|June 01, 2004) at
 10/19/2004 12:38:31 AM,
	Serialize complete at 10/19/2004 12:38:31 AM,
	Itemize by SMTP Server on External03/TmsVen(Release 5.0.13a  |April 8, 2004) at
 10/19/2004 12:39:29 AM,
	Serialize by Router on External03/TmsVen(Release 5.0.13a  |April 8, 2004) at
 10/19/2004 12:40:15 AM,
	Serialize complete at 10/19/2004 12:40:15 AM
Content-Type: multipart/alternative; boundary="=_alternative 0029F96288256F32_="
X-Virus-Checked: Checked
Approved: news@nntp.perl.org
From: Jonathan_Kim@toyota.com

--=_alternative 0029F96288256F32_=
Content-Type: text/plain; charset="US-ASCII"

Any help will be appreciated.

root@smtfss01:/tmp/GD-2.15# make test
PERL_DL_NONLAZY=1 /bin/perl "-MExtUtils::Command::MM" "-e" 
"test_harness(0, 'blib/lib', 'blib/arch')" t/*.t
t/GD..........Can't load './blib/arch/auto/GD/GD.so' for module GD: 
ld.so.1: /bin/perl: fatal: relocation error: file 
/usr/local/lib/libgd.so.2: symbol libiconv_open: referenced symbol not 
found at /usr/local/lib/perl5/5.8.0/sun4-solaris/DynaLoader.pm line 229.
 at t/GD.t line 13
Compilation failed in require at t/GD.t line 13.
BEGIN failed--compilation aborted at t/GD.t line 13.
t/GD..........dubious
        Test returned status 255 (wstat 65280, 0xff00)
DIED. FAILED tests 1-10
        Failed 10/10 tests, 0.00% okay
t/Polyline....Can't load '/tmp/GD-2.15/blib/arch/auto/GD/GD.so' for module 
GD: ld.so.1: /bin/perl: fatal: relocation error: file 
/usr/local/lib/libgd.so.2: symbol libiconv_open: referenced symbol not 
found at /usr/local/lib/perl5/5.8.0/sun4-solaris/DynaLoader.pm line 229.
 at /tmp/GD-2.15/blib/lib/GD/Polyline.pm line 49
Compilation failed in require at /tmp/GD-2.15/blib/lib/GD/Polyline.pm line 
49.
BEGIN failed--compilation aborted at /tmp/GD-2.15/blib/lib/GD/Polyline.pm 
line 49.
Compilation failed in require at t/Polyline.t line 10.
BEGIN failed--compilation aborted at t/Polyline.t line 10.
t/Polyline....dubious
        Test returned status 255 (wstat 65280, 0xff00)
DIED. FAILED test 1
        Failed 1/1 tests, 0.00% okay
Failed Test  Stat Wstat Total Fail  Failed  List of Failed
-------------------------------------------------------------------------------
t/GD.t        255 65280    10   10 100.00%  1-10
t/Polyline.t  255 65280     1    1 100.00%  1
Failed 2/2 test scripts, 0.00% okay. 11/11 subtests failed, 0.00% okay.
*** Error code 2
make: Fatal error: Command failed for target `test_dynamic'
--=_alternative 0029F96288256F32_=
Content-Type: text/html; charset="US-ASCII"


<br><font size=2 face="sans-serif">Any help will be appreciated.</font>
<br>
<br><font size=2 face="sans-serif">root@smtfss01:/tmp/GD-2.15# make test</font>
<br><font size=2 face="sans-serif">PERL_DL_NONLAZY=1 /bin/perl &quot;-MExtUtils::Command::MM&quot;
&quot;-e&quot; &quot;test_harness(0, 'blib/lib', 'blib/arch')&quot; t/*.t</font>
<br><font size=2 face="sans-serif">t/GD..........Can't load './blib/arch/auto/GD/GD.so'
for module GD: ld.so.1: /bin/perl: fatal: relocation error: file /usr/local/lib/libgd.so.2:
symbol libiconv_open: referenced symbol not found at /usr/local/lib/perl5/5.8.0/sun4-solaris/DynaLoader.pm
line 229.</font>
<br><font size=2 face="sans-serif">&nbsp;at t/GD.t line 13</font>
<br><font size=2 face="sans-serif">Compilation failed in require at t/GD.t
line 13.</font>
<br><font size=2 face="sans-serif">BEGIN failed--compilation aborted at
t/GD.t line 13.</font>
<br><font size=2 face="sans-serif">t/GD..........dubious</font>
<br><font size=2 face="sans-serif">&nbsp; &nbsp; &nbsp; &nbsp; Test returned
status 255 (wstat 65280, 0xff00)</font>
<br><font size=2 face="sans-serif">DIED. FAILED tests 1-10</font>
<br><font size=2 face="sans-serif">&nbsp; &nbsp; &nbsp; &nbsp; Failed 10/10
tests, 0.00% okay</font>
<br><font size=2 face="sans-serif">t/Polyline....Can't load '/tmp/GD-2.15/blib/arch/auto/GD/GD.so'
for module GD: ld.so.1: /bin/perl: fatal: relocation error: file /usr/local/lib/libgd.so.2:
symbol libiconv_open: referenced symbol not found at /usr/local/lib/perl5/5.8.0/sun4-solaris/DynaLoader.pm
line 229.</font>
<br><font size=2 face="sans-serif">&nbsp;at /tmp/GD-2.15/blib/lib/GD/Polyline.pm
line 49</font>
<br><font size=2 face="sans-serif">Compilation failed in require at /tmp/GD-2.15/blib/lib/GD/Polyline.pm
line 49.</font>
<br><font size=2 face="sans-serif">BEGIN failed--compilation aborted at
/tmp/GD-2.15/blib/lib/GD/Polyline.pm line 49.</font>
<br><font size=2 face="sans-serif">Compilation failed in require at t/Polyline.t
line 10.</font>
<br><font size=2 face="sans-serif">BEGIN failed--compilation aborted at
t/Polyline.t line 10.</font>
<br><font size=2 face="sans-serif">t/Polyline....dubious</font>
<br><font size=2 face="sans-serif">&nbsp; &nbsp; &nbsp; &nbsp; Test returned
status 255 (wstat 65280, 0xff00)</font>
<br><font size=2 face="sans-serif">DIED. FAILED test 1</font>
<br><font size=2 face="sans-serif">&nbsp; &nbsp; &nbsp; &nbsp; Failed 1/1
tests, 0.00% okay</font>
<br><font size=2 face="sans-serif">Failed Test &nbsp;Stat Wstat Total Fail
&nbsp;Failed &nbsp;List of Failed</font>
<br><font size=2 face="sans-serif">-------------------------------------------------------------------------------</font>
<br><font size=2 face="sans-serif">t/GD.t &nbsp; &nbsp; &nbsp; &nbsp;255
65280 &nbsp; &nbsp;10 &nbsp; 10 100.00% &nbsp;1-10</font>
<br><font size=2 face="sans-serif">t/Polyline.t &nbsp;255 65280 &nbsp;
&nbsp; 1 &nbsp; &nbsp;1 100.00% &nbsp;1</font>
<br><font size=2 face="sans-serif">Failed 2/2 test scripts, 0.00% okay.
11/11 subtests failed, 0.00% okay.</font>
<br><font size=2 face="sans-serif">*** Error code 2</font>
<br><font size=2 face="sans-serif">make: Fatal error: Command failed for
target `test_dynamic'</font>
--=_alternative 0029F96288256F32_=--
