Newsgroups: perl.modules
Path: nntp.perl.org
Xref: nntp.perl.org perl.modules:66847
Return-Path: <mdeepya@gmail.com>
Mailing-List: contact modules-help@perl.org; run by ezmlm
Delivered-To: mailing list modules@perl.org
Delivered-To: moderator for modules@perl.org
Received: (qmail 20446 invoked from network); 26 Jul 2009 05:39:24 -0000
Received: from x1.develooper.com (207.171.7.70)
  by x6.develooper.com with SMTP; 26 Jul 2009 05:39:24 -0000
Received: (qmail 13262 invoked by uid 225); 26 Jul 2009 05:39:24 -0000
Delivered-To: modules@perl.org
Received: (qmail 13256 invoked by alias); 26 Jul 2009 05:39:23 -0000
X-Spam-Status: No, hits=0.0 required=8.0
	tests=DK_SIGNED,HTML_MESSAGE,SPF_PASS
X-Spam-Check-By: la.mx.develooper.com
Received: from an-out-0708.google.com (HELO an-out-0708.google.com) (209.85.132.240)
    by la.mx.develooper.com (qpsmtpd/0.28) with ESMTP; Sat, 25 Jul 2009 22:39:16 -0700
Received: by an-out-0708.google.com with SMTP id c3so1336271ana.26
        for <modules@perl.org>; Sat, 25 Jul 2009 22:39:12 -0700 (PDT)
DKIM-Signature: v=1; a=rsa-sha256; c=relaxed/relaxed;
        d=gmail.com; s=gamma;
        h=domainkey-signature:mime-version:received:date:message-id:subject
         :from:to:content-type;
        bh=ZykftC9sHCbZ50Ttg+qa32N0oHavESUx//piCOBIYwY=;
        b=Toghs/nmGnGvfjR21Ql15bmcHIh/tHw7yvzzuDqrV3Vo/vpYBUNM4qqMQ4QfWIRtln
         7tRCt0USYY7WIsMrtE9lYC9GZtJY8uFKrTXPcaHta3vM7EJsrcp5mlRVWE0u9xHLv3lz
         RxZ72Wbi8jfTpQZrr1buRCLU550bl/zV/bgq8=
DomainKey-Signature: a=rsa-sha1; c=nofws;
        d=gmail.com; s=gamma;
        h=mime-version:date:message-id:subject:from:to:content-type;
        b=JYtCGb/NbWkIt9LGuPczikjrzySSAFrbj5Sz+6DkL9BjcRVrJ8zoD3wRzmn4UkFUfa
         MkhR2TWG1cA9PYLYPYDAOeZKcU6BkF+CVofhEvFhqT2b0E010z3kjQyZuxrgg0kSZakx
         S0JAx/77NO5eDHMo6ufLsR7sSR3/LJDbFyWpY=
MIME-Version: 1.0
Received: by 10.231.14.12 with SMTP id e12mr1699175iba.48.1248586752447; Sat, 
	25 Jul 2009 22:39:12 -0700 (PDT)
Date: Sun, 26 Jul 2009 11:09:12 +0530
Message-ID: <258814520907252239y5639c678w29e9dad8f41479d8@mail.gmail.com>
Subject: errors during installation of Gearman::Client module
To: modules@perl.org
Content-Type: multipart/alternative; boundary=0003255732eed9d50b046f954100
Approved: news@nntp.perl.org
From: mdeepya@gmail.com (sree deepya)

--0003255732eed9d50b046f954100
Content-Type: text/plain; charset=ISO-8859-1
Content-Transfer-Encoding: 7bit

Hi,
I am installing Gearman-1.07 module.
I am getting the following output when installing
it .

[root@esagu1 Gearman-1.07]# make test
PERL_DL_NONLAZY=1 /usr/bin/perl "-MExtUtils::Command::MM" "-e"
"test_harness(0, 'blib/lib', 'blib/arch')" t/*.t
t/00-use.............ok
t/10-all.............ok
t/20-leaktest........skipped
       all skipped: This test requires Devel::Gladiator
t/30-maxqueue........NOK 5/6
#   Failed test 'number of success'
#   at t/30-maxqueue.t line 57.
#          got: '1'
#     expected: '2'
t/30-maxqueue........NOK 6/6
#   Failed test 'number of failure'
#   at t/30-maxqueue.t line 58.
#          got: '4'
#     expected: '3'
# Looks like you failed 2 tests of 6.
t/30-maxqueue........dubious
       Test returned status 2 (wstat 512, 0x200)
DIED. FAILED tests 5-6
       Failed 2/6 tests, 66.67% okay
t/40-prefix..........ok
t/50-wait_timeout....ok 1/3# Got result for 1
# Got result for 2
t/50-wait_timeout....ok
Failed Test     Stat Wstat Total Fail  List of Failed
-------------------------------------------------------------------------------
t/30-maxqueue.t    2   512     6    2  5-6
1 test skipped.
Failed 1/6 test scripts. 2/52 subtests failed.
Files=6, Tests=52, 49 wallclock secs ( 1.47 cusr +  0.16 csys =  1.63
CPU)
Failed 1/6 test programs. 2/52 subtests failed.
make: *** [test_dynamic] Error 255


Can you please guide me how to proceed.........

I get the same errors when installing the higher packages like Gearman-1.08
and 1.09.


-- 
  M.Sree Deepya
  M.Tech. - CSE
  IIIT-H


          "Where there is a will there is a way"

--0003255732eed9d50b046f954100
Content-Type: text/html; charset=ISO-8859-1
Content-Transfer-Encoding: quoted-printable

<div>Hi,<br>I am installing Gearman-1.07 module.=A0</div>
<div>I am getting the following output when installing<br>it .<br><br>[root=
@esagu1 Gearman-1.07]# make test<br>PERL_DL_NONLAZY=3D1 /usr/bin/perl &quot=
;-MExtUtils::Command::MM&quot; &quot;-e&quot;<br>&quot;test_harness(0, &#39=
;blib/lib&#39;, &#39;blib/arch&#39;)&quot; t/*.t<br>
t/00-use.............ok<br>t/10-all.............ok<br>t/20-leaktest........=
skipped<br>=A0 =A0 =A0 =A0all skipped: This test requires Devel::Gladiator<=
br>t/30-maxqueue........NOK 5/6<br># =A0 Failed test &#39;number of success=
&#39;<br>
# =A0 at t/30-maxqueue.t line 57.<br># =A0 =A0 =A0 =A0 =A0got: &#39;1&#39;<=
br># =A0 =A0 expected: &#39;2&#39;<br>t/30-maxqueue........NOK 6/6<br># =A0=
 Failed test &#39;number of failure&#39;<br># =A0 at t/30-maxqueue.t line 5=
8.<br># =A0 =A0 =A0 =A0 =A0got: &#39;4&#39;<br>
# =A0 =A0 expected: &#39;3&#39;<br># Looks like you failed 2 tests of 6.<br=
>t/30-maxqueue........dubious<br>=A0 =A0 =A0 =A0Test returned status 2 (wst=
at 512, 0x200)<br>DIED. FAILED tests 5-6<br>=A0 =A0 =A0 =A0Failed 2/6 tests=
, 66.67% okay<br>
t/40-prefix..........ok<br>t/50-wait_timeout....ok 1/3# Got result for 1<br=
># Got result for 2<br>t/50-wait_timeout....ok<br>Failed Test =A0 =A0 Stat =
Wstat Total Fail =A0List of Failed<br>-------------------------------------=
------------------------------------------<br>
t/30-maxqueue.t =A0 =A02 =A0 512 =A0 =A0 6 =A0 =A02 =A05-6<br>1 test skippe=
d.<br>Failed 1/6 test scripts. 2/52 subtests failed.<br>Files=3D6, Tests=3D=
52, 49 wallclock secs ( 1.47 cusr + =A00.16 csys =3D =A01.63<br>CPU)<br>Fai=
led 1/6 test programs. 2/52 subtests failed.<br>
make: *** [test_dynamic] Error 255<br><br><br>Can=A0you please guide me how=
 to proceed.........</div>
<div>=A0</div>
<div>I get the same errors when installing the higher packages like Gearman=
-1.08 and 1.09.<br><br clear=3D"all"><br>-- <br>=A0=A0M.Sree Deepya<br>=A0=
=A0M.Tech. - CSE<br>=A0=A0IIIT-H<br><br><br>=A0=A0=A0=A0=A0=A0=A0=A0=A0=A0&=
quot;Where there is a will there is a way&quot; </div>

--0003255732eed9d50b046f954100--
